<?xml version="1.0" encoding="UTF-8"?>
<!-- Generated by org.testng.reporters.JUnitReportReporter -->
<testsuite hostname="DESKTOP-2EDHOMH" failures="0" tests="4" name="TestNgClasses.ChromeTestNg" time="88.357" errors="0" timestamp="2020-03-29T17:42:05 IST" skipped="0">
  <testcase classname="TestNgClasses.ChromeTestNg" name="Test1" time="23.666"/>
  <testcase classname="TestNgClasses.ChromeTestNg" name="Test2" time="13.174"/>
  <testcase classname="TestNgClasses.ChromeTestNg" name="Test3" time="17.803"/>
  <testcase classname="TestNgClasses.ChromeTestNg" name="Test4" time="33.714"/>
</testsuite> <!-- TestNgClasses.ChromeTestNg -->
